-------------------------------------------------------------------------------
Test set: edu.ap.tml.tml.DemoApplicationTests
-------------------------------------------------------------------------------
Tests run: 1, Failures: 0, Errors: 1, Skipped: 0, Time elapsed: 0.388 s <<< FAILURE! - in edu.ap.tml.tml.DemoApplicationTests
initializationError(edu.ap.tml.tml.DemoApplicationTests)  Time elapsed: 0.006 s  <<< ERROR!
java.lang.IllegalStateException: Unable to find a @SpringBootConfiguration, you need to use @ContextConfiguration or @SpringBootTest(classes=...) with your test

